<?xml version="1.0" encoding="UTF-8"?>
<!-- Generated by org.testng.reporters.JUnitXMLReporter -->
<testsuite ignored="0" hostname="Kvrdy28" failures="0" tests="10" name="Test" time="0.151" errors="0" timestamp="2023-11-30T11:41:49 IST">
  <testcase classname="myTest1.Day2" name="apiRegression1" time="0.014"/>
  <testcase classname="myTest1.Day2" name="apiRegression2" time="0.004"/>
  <testcase classname="myTest1.Day2" name="apiTest1" time="0.002"/>
  <testcase classname="myTest1.Day2" name="apiTest2" time="0.002"/>
  <testcase classname="myTest1.Day1" name="AddMe" time="0.003"/>
  <testcase classname="myTest1.Day1" name="printMe" time="0.004"/>
  <testcase classname="myTest1.Day1" name="test" time="0.002"/>
  <testcase classname="myTest1.Day3" name="mobileReg" time="0.004"/>
  <testcase classname="myTest1.Day3" name="mobileTest" time="0.003"/>
  <testcase classname="myTest1.Day3" name="printMe" time="0.004"/>
</testsuite> <!-- Test -->
