<?xml version="1.0" encoding="UTF-8"?>
<!-- Generated by org.testng.reporters.JUnitXMLReporter -->
<testsuite ignored="0" hostname="Kvrdy28" failures="3" tests="3" name="testGuru" time="0.161" errors="0" timestamp="2024-02-21T20:50:22 IST">
  <testcase classname="practice.TestGuru99MultipleSession" name="executSessionThree" time="0.107">
    <failure type="java.lang.IllegalStateException" message="The driver executable must exist: C:\Users\kavya\OneDrive\Documents\Automation\TestNG\TestNGTutorial\chromedriver.exe">
      <![CDATA[java.lang.IllegalStateException: The driver executable must exist: C:\Users\kavya\OneDrive\Documents\Automation\TestNG\TestNGTutorial\chromedriver.exe
at org.openqa.selenium.internal.Require$FileStateChecker.isFile(Require.java:345)
at org.openqa.selenium.remote.service.DriverFinder.getPath(DriverFinder.java:39)
at org.openqa.selenium.chrome.ChromeDriver.generateExecutor(ChromeDriver.java:98)
at org.openqa.selenium.chrome.ChromeDriver.<init>(ChromeDriver.java:88)
at org.openqa.selenium.chrome.ChromeDriver.<init>(ChromeDriver.java:84)
at org.openqa.selenium.chrome.ChromeDriver.<init>(ChromeDriver.java:52)
at practice.TestGuru99MultipleSession.executSessionThree(TestGuru99MultipleSession.java:36)
at java.base/java.util.concurrent.ThreadPoolExecutor.runWorker(ThreadPoolExecutor.java:1136)
at java.base/java.util.concurrent.ThreadPoolExecutor$Worker.run(ThreadPoolExecutor.java:635)
at java.base/java.lang.Thread.run(Thread.java:833)
... Removed 10 stack frames]]>
    </failure>
  </testcase> <!-- executSessionThree -->
  <testcase classname="practice.TestGuru99MultipleSession" name="executSessionOne" time="0.107">
    <failure type="java.lang.IllegalStateException" message="The driver executable must exist: C:\Users\kavya\OneDrive\Documents\Automation\TestNG\TestNGTutorial\chromedriver.exe">
      <![CDATA[java.lang.IllegalStateException: The driver executable must exist: C:\Users\kavya\OneDrive\Documents\Automation\TestNG\TestNGTutorial\chromedriver.exe
at org.openqa.selenium.internal.Require$FileStateChecker.isFile(Require.java:345)
at org.openqa.selenium.remote.service.DriverFinder.getPath(DriverFinder.java:39)
at org.openqa.selenium.chrome.ChromeDriver.generateExecutor(ChromeDriver.java:98)
at org.openqa.selenium.chrome.ChromeDriver.<init>(ChromeDriver.java:88)
at org.openqa.selenium.chrome.ChromeDriver.<init>(ChromeDriver.java:84)
at org.openqa.selenium.chrome.ChromeDriver.<init>(ChromeDriver.java:52)
at practice.TestGuru99MultipleSession.executSessionOne(TestGuru99MultipleSession.java:12)
at java.base/java.util.concurrent.ThreadPoolExecutor.runWorker(ThreadPoolExecutor.java:1136)
at java.base/java.util.concurrent.ThreadPoolExecutor$Worker.run(ThreadPoolExecutor.java:635)
at java.base/java.lang.Thread.run(Thread.java:833)
... Removed 10 stack frames]]>
    </failure>
  </testcase> <!-- executSessionOne -->
  <testcase classname="practice.TestGuru99MultipleSession" name="executeSessionTwo" time="0.107">
    <failure type="java.lang.IllegalStateException" message="The driver executable must exist: C:\Users\kavya\OneDrive\Documents\Automation\TestNG\TestNGTutorial\chromedriver.exe">
      <![CDATA[java.lang.IllegalStateException: The driver executable must exist: C:\Users\kavya\OneDrive\Documents\Automation\TestNG\TestNGTutorial\chromedriver.exe
at org.openqa.selenium.internal.Require$FileStateChecker.isFile(Require.java:345)
at org.openqa.selenium.remote.service.DriverFinder.getPath(DriverFinder.java:39)
at org.openqa.selenium.chrome.ChromeDriver.generateExecutor(ChromeDriver.java:98)
at org.openqa.selenium.chrome.ChromeDriver.<init>(ChromeDriver.java:88)
at org.openqa.selenium.chrome.ChromeDriver.<init>(ChromeDriver.java:84)
at org.openqa.selenium.chrome.ChromeDriver.<init>(ChromeDriver.java:52)
at practice.TestGuru99MultipleSession.executeSessionTwo(TestGuru99MultipleSession.java:24)
at java.base/java.util.concurrent.ThreadPoolExecutor.runWorker(ThreadPoolExecutor.java:1136)
at java.base/java.util.concurrent.ThreadPoolExecutor$Worker.run(ThreadPoolExecutor.java:635)
at java.base/java.lang.Thread.run(Thread.java:833)
... Removed 10 stack frames]]>
    </failure>
  </testcase> <!-- executeSessionTwo -->
</testsuite> <!-- testGuru -->
